<?xml version="1.0" encoding="utf-8"?><testsuites name="pytest tests"><testsuite name="pytest" errors="0" failures="0" skipped="0" tests="12" time="2.132" timestamp="2026-06-06T12:45:45.919037+00:00" hostname="agent-env-bae0fc61-edd5-4372-9ce4-13ada8bdf03a"><testcase classname="backend.tests.test_life_analytics.TestHabits" name="test_list_seeded_15" time="0.333" /><testcase classname="backend.tests.test_life_analytics.TestHabits" name="test_create_update_delete" time="0.270" /><testcase classname="backend.tests.test_life_analytics.TestHabits" name="test_update_404" time="0.055" /><testcase classname="backend.tests.test_life_analytics.TestCheckins" name="test_upsert_no_duplicate" time="0.266" /><testcase classname="backend.tests.test_life_analytics.TestCheckins" name="test_get_missing_returns_default" time="0.054" /><testcase classname="backend.tests.test_life_analytics.TestAnalytics" name="test_dashboard_shape" time="0.062" /><testcase classname="backend.tests.test_life_analytics.TestAnalytics" name="test_dashboard_reflects_checkin" time="0.173" /><testcase classname="backend.tests.test_life_analytics.TestAnalytics" name="test_insights_shape" time="0.055" /><testcase classname="backend.tests.test_life_analytics.TestCheckinExtras" name="test_checkin_with_mood_energy_notes_persists" time="0.157" /><testcase classname="backend.tests.test_life_analytics.TestCheckinExtras" name="test_checkin_update_clears_notes" time="0.249" /><testcase classname="backend.tests.test_life_analytics.TestCategoryChange" name="test_update_habit_category" time="0.212" /><testcase classname="backend.tests.test_life_analytics.TestDashboardHabitStreaks" name="test_dashboard_has_habit_streaks" time="0.111" /></testsuite></testsuites>