<?xml version="1.0" encoding="utf-8"?><testsuites name="pytest tests"><testsuite name="pytest" errors="0" failures="0" skipped="0" tests="8" time="1.322" timestamp="2026-06-06T12:30:43.052696+00:00" hostname="agent-env-bae0fc61-edd5-4372-9ce4-13ada8bdf03a"><testcase classname="backend.tests.test_life_analytics.TestHabits" name="test_list_seeded_15" time="0.312" /><testcase classname="backend.tests.test_life_analytics.TestHabits" name="test_create_update_delete" time="0.251" /><testcase classname="backend.tests.test_life_analytics.TestHabits" name="test_update_404" time="0.049" /><testcase classname="backend.tests.test_life_analytics.TestCheckins" name="test_upsert_no_duplicate" time="0.262" /><testcase classname="backend.tests.test_life_analytics.TestCheckins" name="test_get_missing_returns_default" time="0.048" /><testcase classname="backend.tests.test_life_analytics.TestAnalytics" name="test_dashboard_shape" time="0.054" /><testcase classname="backend.tests.test_life_analytics.TestAnalytics" name="test_dashboard_reflects_checkin" time="0.153" /><testcase classname="backend.tests.test_life_analytics.TestAnalytics" name="test_insights_shape" time="0.052" /></testsuite></testsuites>